2025-07-05 10:13:07 — INFO — Running with edr=0.19.1
2025-07-05 10:13:07 — INFO — Installing packages for edr internal dbt package...
2025-07-05 10:13:07 — INFO — Running dbt command --log-format json deps --project-dir /Users/samydoreau/global-assignment/venv/lib/python3.12/site-packages/elementary/monitor/dbt_project --profiles-dir /Users/samydoreau/global-assignment
2025-07-05 10:13:08 — DEBUG — Running dbt command --log-format json run-operation elementary.log_macro_results --args {"macro_name": "elementary_cli.get_latest_invocation", "macro_args": {}} --project-dir /Users/samydoreau/global-assignment/venv/lib/python3.12/site-packages/elementary/monitor/dbt_project --profiles-dir /Users/samydoreau/global-assignment
2025-07-05 10:13:10 — DEBUG — Result bytes size for command '['--log-format', 'json', 'run-operation', 'elementary.log_macro_results', '--args', '{"macro_name": "elementary_cli.get_latest_invocation", "macro_args": {}}', '--project-dir', '/Users/samydoreau/global-assignment/venv/lib/python3.12/site-packages/elementary/monitor/dbt_project', '--profiles-dir', '/Users/samydoreau/global-assignment']' is 270
[31;20m2025-07-05 10:13:10 — ERROR — Unable to get the latest invocation: list index out of range[0m
2025-07-05 10:13:10 — DEBUG — Running dbt command --log-format json run-operation elementary.log_macro_results --args {"macro_name": "elementary_cli.get_adapter_type_and_unique_id", "macro_args": {}} --project-dir /Users/samydoreau/global-assignment/venv/lib/python3.12/site-packages/elementary/monitor/dbt_project --profiles-dir /Users/samydoreau/global-assignment
2025-07-05 10:13:11 — DEBUG — Result bytes size for command '['--log-format', 'json', 'run-operation', 'elementary.log_macro_results', '--args', '{"macro_name": "elementary_cli.get_adapter_type_and_unique_id", "macro_args": {}}', '--project-dir', '/Users/samydoreau/global-assignment/venv/lib/python3.12/site-packages/elementary/monitor/dbt_project', '--profiles-dir', '/Users/samydoreau/global-assignment']' is 456
2025-07-05 10:13:11 — DEBUG — Running dbt command --log-format json run-operation elementary.log_macro_results --args {"macro_name": "elementary_cli.get_elementary_database_and_schema", "macro_args": {}} --project-dir /Users/samydoreau/global-assignment/venv/lib/python3.12/site-packages/elementary/monitor/dbt_project --profiles-dir /Users/samydoreau/global-assignment
2025-07-05 10:13:11 — DEBUG — Result bytes size for command '['--log-format', 'json', 'run-operation', 'elementary.log_macro_results', '--args', '{"macro_name": "elementary_cli.get_elementary_database_and_schema", "macro_args": {}}', '--project-dir', '/Users/samydoreau/global-assignment/venv/lib/python3.12/site-packages/elementary/monitor/dbt_project', '--profiles-dir', '/Users/samydoreau/global-assignment']' is 454
2025-07-05 10:13:11 — INFO — Elementary's database and schema: '"podcast_analytics.public"'
2025-07-05 10:13:11 — INFO — Running dbt command --log-format json run-operation elementary.log_macro_results --args {"macro_name": "elementary_cli.get_test_results", "macro_args": {"days_back": 7, "invocations_per_test": 720, "disable_passed_test_metrics": false}} --project-dir /Users/samydoreau/global-assignment/venv/lib/python3.12/site-packages/elementary/monitor/dbt_project --profiles-dir /Users/samydoreau/global-assignment
[31;20m2025-07-05 10:13:12 — ERROR — Could not generate the report - Error: Failed to run dbt command.
{"info": {"name": "RunningOperationCaughtError", "code": "Q001", "msg": "Encountered an error while running operation: Database Error\n  relation \"public.elementary_test_results\" does not exist\n  LINE 17:         select * from \"podcast_analytics\".\"public\".\"elementa...\n                                 ^", "level": "error", "invocationId": "67987821-b007-4013-ac43-65c68732aad0", "pid": 78604, "thread": "MainThread", "ts": "2025-07-05T09:13:11.933829Z"}, "data": {"exc": "Database Error\n  relation \"public.elementary_test_results\" does not exist\n  LINE 17:         select * from \"podcast_analytics\".\"public\".\"elementa...\n                                 ^"}}
Please reach out to our community for help with this issue.[0m
Traceback (most recent call last):
  File "/Users/samydoreau/global-assignment/venv/lib/python3.12/site-packages/elementary/monitor/api/report/report.py", line 84, in get_report_data
    tests_api = TestsAPI(
                ^^^^^^^^^
  File "/Users/samydoreau/global-assignment/venv/lib/python3.12/site-packages/elementary/monitor/api/tests/tests.py", line 52, in __init__
    self.test_results_db_rows = self._get_test_results_db_rows(
                                ^^^^^^^^^^^^^^^^^^^^^^^^^^^^^^^
  File "/Users/samydoreau/global-assignment/venv/lib/python3.12/site-packages/elementary/monitor/api/tests/tests.py", line 64, in _get_test_results_db_rows
    return self.tests_fetcher.get_all_test_results_db_rows(
           ^^^^^^^^^^^^^^^^^^^^^^^^^^^^^^^^^^^^^^^^^^^^^^^^
  File "/Users/samydoreau/global-assignment/venv/lib/python3.12/site-packages/elementary/monitor/fetchers/tests/tests.py", line 26, in get_all_test_results_db_rows
    run_operation_response = self.dbt_runner.run_operation(
                             ^^^^^^^^^^^^^^^^^^^^^^^^^^^^^^
  File "/Users/samydoreau/global-assignment/venv/lib/python3.12/site-packages/elementary/clients/dbt/command_line_dbt_runner.py", line 177, in run_operation
    result = self._run_command(
             ^^^^^^^^^^^^^^^^^^
  File "/Users/samydoreau/global-assignment/venv/lib/python3.12/site-packages/elementary/clients/dbt/command_line_dbt_runner.py", line 114, in _run_command
    result = self._inner_run_command(
             ^^^^^^^^^^^^^^^^^^^^^^^^
  File "/Users/samydoreau/global-assignment/venv/lib/python3.12/site-packages/elementary/clients/dbt/api_dbt_runner.py", line 54, in _inner_run_command
    raise DbtCommandError(
elementary.exceptions.exceptions.DbtCommandError: Failed to run dbt command.
{"info": {"name": "RunningOperationCaughtError", "code": "Q001", "msg": "Encountered an error while running operation: Database Error\n  relation \"public.elementary_test_results\" does not exist\n  LINE 17:         select * from \"podcast_analytics\".\"public\".\"elementa...\n                                 ^", "level": "error", "invocationId": "67987821-b007-4013-ac43-65c68732aad0", "pid": 78604, "thread": "MainThread", "ts": "2025-07-05T09:13:11.933829Z"}, "data": {"exc": "Database Error\n  relation \"public.elementary_test_results\" does not exist\n  LINE 17:         select * from \"podcast_analytics\".\"public\".\"elementa...\n                                 ^"}}
2025-07-05 11:58:05 — INFO — Running with edr=0.19.1
2025-07-05 11:58:05 — INFO — Installing packages for edr internal dbt package...
2025-07-05 11:58:05 — INFO — Running dbt command --log-format json deps --project-dir /Users/samydoreau/global-assignment/venv/lib/python3.10/site-packages/elementary/monitor/dbt_project --profiles-dir /Users/samydoreau/global-assignment
2025-07-05 11:58:07 — DEBUG — Running dbt command --log-format json run-operation elementary.log_macro_results --args {"macro_name": "elementary_cli.get_latest_invocation", "macro_args": {}} --project-dir /Users/samydoreau/global-assignment/venv/lib/python3.10/site-packages/elementary/monitor/dbt_project --profiles-dir /Users/samydoreau/global-assignment
2025-07-05 11:58:10 — DEBUG — Result bytes size for command '['--log-format', 'json', 'run-operation', 'elementary.log_macro_results', '--args', '{"macro_name": "elementary_cli.get_latest_invocation", "macro_args": {}}', '--project-dir', '/Users/samydoreau/global-assignment/venv/lib/python3.10/site-packages/elementary/monitor/dbt_project', '--profiles-dir', '/Users/samydoreau/global-assignment']' is 270
[31;20m2025-07-05 11:58:10 — ERROR — Unable to get the latest invocation: list index out of range[0m
2025-07-05 11:58:10 — DEBUG — Running dbt command --log-format json run-operation elementary.log_macro_results --args {"macro_name": "elementary_cli.get_adapter_type_and_unique_id", "macro_args": {}} --project-dir /Users/samydoreau/global-assignment/venv/lib/python3.10/site-packages/elementary/monitor/dbt_project --profiles-dir /Users/samydoreau/global-assignment
2025-07-05 11:58:11 — DEBUG — Result bytes size for command '['--log-format', 'json', 'run-operation', 'elementary.log_macro_results', '--args', '{"macro_name": "elementary_cli.get_adapter_type_and_unique_id", "macro_args": {}}', '--project-dir', '/Users/samydoreau/global-assignment/venv/lib/python3.10/site-packages/elementary/monitor/dbt_project', '--profiles-dir', '/Users/samydoreau/global-assignment']' is 456
2025-07-05 11:58:11 — DEBUG — Running dbt command --log-format json run-operation elementary.log_macro_results --args {"macro_name": "elementary_cli.get_elementary_database_and_schema", "macro_args": {}} --project-dir /Users/samydoreau/global-assignment/venv/lib/python3.10/site-packages/elementary/monitor/dbt_project --profiles-dir /Users/samydoreau/global-assignment
2025-07-05 11:58:11 — DEBUG — Result bytes size for command '['--log-format', 'json', 'run-operation', 'elementary.log_macro_results', '--args', '{"macro_name": "elementary_cli.get_elementary_database_and_schema", "macro_args": {}}', '--project-dir', '/Users/samydoreau/global-assignment/venv/lib/python3.10/site-packages/elementary/monitor/dbt_project', '--profiles-dir', '/Users/samydoreau/global-assignment']' is 454
2025-07-05 11:58:11 — INFO — Elementary's database and schema: '"podcast_analytics.public"'
2025-07-05 11:58:11 — INFO — Running dbt command --log-format json run-operation elementary.log_macro_results --args {"macro_name": "elementary_cli.get_test_results", "macro_args": {"days_back": 7, "invocations_per_test": 720, "disable_passed_test_metrics": false}} --project-dir /Users/samydoreau/global-assignment/venv/lib/python3.10/site-packages/elementary/monitor/dbt_project --profiles-dir /Users/samydoreau/global-assignment
[31;20m2025-07-05 11:58:12 — ERROR — Could not generate the report - Error: Failed to run dbt command.
{"info": {"name": "RunningOperationCaughtError", "code": "Q001", "msg": "Encountered an error while running operation: Database Error\n  relation \"public.elementary_test_results\" does not exist\n  LINE 17:         select * from \"podcast_analytics\".\"public\".\"elementa...\n                                 ^", "level": "error", "invocationId": "d6739bc5-42c1-41ba-ab18-0bffa399352f", "pid": 91640, "thread": "MainThread", "ts": "2025-07-05T10:58:12.227893Z"}, "data": {"exc": "Database Error\n  relation \"public.elementary_test_results\" does not exist\n  LINE 17:         select * from \"podcast_analytics\".\"public\".\"elementa...\n                                 ^"}}
Please reach out to our community for help with this issue.[0m
Traceback (most recent call last):
  File "/Users/samydoreau/global-assignment/venv/lib/python3.10/site-packages/elementary/monitor/api/report/report.py", line 84, in get_report_data
    tests_api = TestsAPI(
  File "/Users/samydoreau/global-assignment/venv/lib/python3.10/site-packages/elementary/monitor/api/tests/tests.py", line 52, in __init__
    self.test_results_db_rows = self._get_test_results_db_rows(
  File "/Users/samydoreau/global-assignment/venv/lib/python3.10/site-packages/elementary/monitor/api/tests/tests.py", line 64, in _get_test_results_db_rows
    return self.tests_fetcher.get_all_test_results_db_rows(
  File "/Users/samydoreau/global-assignment/venv/lib/python3.10/site-packages/elementary/monitor/fetchers/tests/tests.py", line 26, in get_all_test_results_db_rows
    run_operation_response = self.dbt_runner.run_operation(
  File "/Users/samydoreau/global-assignment/venv/lib/python3.10/site-packages/elementary/clients/dbt/command_line_dbt_runner.py", line 177, in run_operation
    result = self._run_command(
  File "/Users/samydoreau/global-assignment/venv/lib/python3.10/site-packages/elementary/clients/dbt/command_line_dbt_runner.py", line 114, in _run_command
    result = self._inner_run_command(
  File "/Users/samydoreau/global-assignment/venv/lib/python3.10/site-packages/elementary/clients/dbt/api_dbt_runner.py", line 54, in _inner_run_command
    raise DbtCommandError(
elementary.exceptions.exceptions.DbtCommandError: Failed to run dbt command.
{"info": {"name": "RunningOperationCaughtError", "code": "Q001", "msg": "Encountered an error while running operation: Database Error\n  relation \"public.elementary_test_results\" does not exist\n  LINE 17:         select * from \"podcast_analytics\".\"public\".\"elementa...\n                                 ^", "level": "error", "invocationId": "d6739bc5-42c1-41ba-ab18-0bffa399352f", "pid": 91640, "thread": "MainThread", "ts": "2025-07-05T10:58:12.227893Z"}, "data": {"exc": "Database Error\n  relation \"public.elementary_test_results\" does not exist\n  LINE 17:         select * from \"podcast_analytics\".\"public\".\"elementa...\n                                 ^"}}
2025-07-05 12:02:04 — INFO — Running with edr=0.19.1
2025-07-05 12:02:04 — INFO — edr internal dbt package is not up-to-date, updating it...
2025-07-05 12:02:04 — INFO — Running dbt command --log-format json deps --project-dir /Users/samydoreau/global-assignment/venv/lib/python3.10/site-packages/elementary/monitor/dbt_project --profiles-dir /Users/samydoreau/global-assignment
2025-07-05 12:02:06 — DEBUG — Running dbt command --log-format json run-operation elementary.log_macro_results --args {"macro_name": "elementary_cli.get_latest_invocation", "macro_args": {}} --project-dir /Users/samydoreau/global-assignment/venv/lib/python3.10/site-packages/elementary/monitor/dbt_project --profiles-dir /Users/samydoreau/global-assignment
2025-07-05 12:02:07 — DEBUG — Result bytes size for command '['--log-format', 'json', 'run-operation', 'elementary.log_macro_results', '--args', '{"macro_name": "elementary_cli.get_latest_invocation", "macro_args": {}}', '--project-dir', '/Users/samydoreau/global-assignment/venv/lib/python3.10/site-packages/elementary/monitor/dbt_project', '--profiles-dir', '/Users/samydoreau/global-assignment']' is 270
[31;20m2025-07-05 12:02:07 — ERROR — Unable to get the latest invocation: list index out of range[0m
2025-07-05 12:02:07 — DEBUG — Running dbt command --log-format json run-operation elementary.log_macro_results --args {"macro_name": "elementary_cli.get_adapter_type_and_unique_id", "macro_args": {}} --project-dir /Users/samydoreau/global-assignment/venv/lib/python3.10/site-packages/elementary/monitor/dbt_project --profiles-dir /Users/samydoreau/global-assignment
2025-07-05 12:02:08 — DEBUG — Result bytes size for command '['--log-format', 'json', 'run-operation', 'elementary.log_macro_results', '--args', '{"macro_name": "elementary_cli.get_adapter_type_and_unique_id", "macro_args": {}}', '--project-dir', '/Users/samydoreau/global-assignment/venv/lib/python3.10/site-packages/elementary/monitor/dbt_project', '--profiles-dir', '/Users/samydoreau/global-assignment']' is 456
2025-07-05 12:02:08 — DEBUG — Running dbt command --log-format json run-operation elementary.log_macro_results --args {"macro_name": "elementary_cli.get_elementary_database_and_schema", "macro_args": {}} --project-dir /Users/samydoreau/global-assignment/venv/lib/python3.10/site-packages/elementary/monitor/dbt_project --profiles-dir /Users/samydoreau/global-assignment
2025-07-05 12:02:08 — DEBUG — Result bytes size for command '['--log-format', 'json', 'run-operation', 'elementary.log_macro_results', '--args', '{"macro_name": "elementary_cli.get_elementary_database_and_schema", "macro_args": {}}', '--project-dir', '/Users/samydoreau/global-assignment/venv/lib/python3.10/site-packages/elementary/monitor/dbt_project', '--profiles-dir', '/Users/samydoreau/global-assignment']' is 454
2025-07-05 12:02:08 — INFO — Elementary's database and schema: '"podcast_analytics.public"'
2025-07-05 12:02:08 — INFO — Running dbt command --log-format json run-operation elementary.log_macro_results --args {"macro_name": "elementary_cli.get_test_results", "macro_args": {"days_back": 7, "invocations_per_test": 720, "disable_passed_test_metrics": false}} --project-dir /Users/samydoreau/global-assignment/venv/lib/python3.10/site-packages/elementary/monitor/dbt_project --profiles-dir /Users/samydoreau/global-assignment
[31;20m2025-07-05 12:02:09 — ERROR — Could not generate the report - Error: Failed to run dbt command.
{"info": {"name": "RunningOperationCaughtError", "code": "Q001", "msg": "Encountered an error while running operation: Database Error\n  relation \"public.elementary_test_results\" does not exist\n  LINE 17:         select * from \"podcast_analytics\".\"public\".\"elementa...\n                                 ^", "level": "error", "invocationId": "e11ef4b2-7b51-45fe-8673-557a29d950ad", "pid": 94229, "thread": "MainThread", "ts": "2025-07-05T11:02:09.067382Z"}, "data": {"exc": "Database Error\n  relation \"public.elementary_test_results\" does not exist\n  LINE 17:         select * from \"podcast_analytics\".\"public\".\"elementa...\n                                 ^"}}
Please reach out to our community for help with this issue.[0m
Traceback (most recent call last):
  File "/Users/samydoreau/global-assignment/venv/lib/python3.10/site-packages/elementary/monitor/api/report/report.py", line 84, in get_report_data
    tests_api = TestsAPI(
  File "/Users/samydoreau/global-assignment/venv/lib/python3.10/site-packages/elementary/monitor/api/tests/tests.py", line 52, in __init__
    self.test_results_db_rows = self._get_test_results_db_rows(
  File "/Users/samydoreau/global-assignment/venv/lib/python3.10/site-packages/elementary/monitor/api/tests/tests.py", line 64, in _get_test_results_db_rows
    return self.tests_fetcher.get_all_test_results_db_rows(
  File "/Users/samydoreau/global-assignment/venv/lib/python3.10/site-packages/elementary/monitor/fetchers/tests/tests.py", line 26, in get_all_test_results_db_rows
    run_operation_response = self.dbt_runner.run_operation(
  File "/Users/samydoreau/global-assignment/venv/lib/python3.10/site-packages/elementary/clients/dbt/command_line_dbt_runner.py", line 177, in run_operation
    result = self._run_command(
  File "/Users/samydoreau/global-assignment/venv/lib/python3.10/site-packages/elementary/clients/dbt/command_line_dbt_runner.py", line 114, in _run_command
    result = self._inner_run_command(
  File "/Users/samydoreau/global-assignment/venv/lib/python3.10/site-packages/elementary/clients/dbt/api_dbt_runner.py", line 54, in _inner_run_command
    raise DbtCommandError(
elementary.exceptions.exceptions.DbtCommandError: Failed to run dbt command.
{"info": {"name": "RunningOperationCaughtError", "code": "Q001", "msg": "Encountered an error while running operation: Database Error\n  relation \"public.elementary_test_results\" does not exist\n  LINE 17:         select * from \"podcast_analytics\".\"public\".\"elementa...\n                                 ^", "level": "error", "invocationId": "e11ef4b2-7b51-45fe-8673-557a29d950ad", "pid": 94229, "thread": "MainThread", "ts": "2025-07-05T11:02:09.067382Z"}, "data": {"exc": "Database Error\n  relation \"public.elementary_test_results\" does not exist\n  LINE 17:         select * from \"podcast_analytics\".\"public\".\"elementa...\n                                 ^"}}
2025-07-05 12:06:19 — INFO — Running with edr=0.19.1
2025-07-05 12:06:19 — INFO — edr internal dbt package is not up-to-date, updating it...
2025-07-05 12:06:19 — INFO — Running dbt command --log-format json deps --project-dir /Users/samydoreau/global-assignment/venv/lib/python3.10/site-packages/elementary/monitor/dbt_project --profiles-dir /Users/samydoreau/global-assignment
2025-07-05 12:06:21 — DEBUG — Running dbt command --log-format json run-operation elementary.log_macro_results --args {"macro_name": "elementary_cli.get_latest_invocation", "macro_args": {}} --project-dir /Users/samydoreau/global-assignment/venv/lib/python3.10/site-packages/elementary/monitor/dbt_project --profiles-dir /Users/samydoreau/global-assignment
2025-07-05 12:06:24 — DEBUG — Result bytes size for command '['--log-format', 'json', 'run-operation', 'elementary.log_macro_results', '--args', '{"macro_name": "elementary_cli.get_latest_invocation", "macro_args": {}}', '--project-dir', '/Users/samydoreau/global-assignment/venv/lib/python3.10/site-packages/elementary/monitor/dbt_project', '--profiles-dir', '/Users/samydoreau/global-assignment']' is 2524
2025-07-05 12:06:24 — DEBUG — Running dbt command --log-format json run-operation elementary.log_macro_results --args {"macro_name": "elementary_cli.get_adapter_type_and_unique_id", "macro_args": {}} --project-dir /Users/samydoreau/global-assignment/venv/lib/python3.10/site-packages/elementary/monitor/dbt_project --profiles-dir /Users/samydoreau/global-assignment
2025-07-05 12:06:25 — DEBUG — Result bytes size for command '['--log-format', 'json', 'run-operation', 'elementary.log_macro_results', '--args', '{"macro_name": "elementary_cli.get_adapter_type_and_unique_id", "macro_args": {}}', '--project-dir', '/Users/samydoreau/global-assignment/venv/lib/python3.10/site-packages/elementary/monitor/dbt_project', '--profiles-dir', '/Users/samydoreau/global-assignment']' is 456
[33;20m2025-07-05 12:06:25 — WARNING — You are using incompatible versions between edr (0.19.1) and Elementary's dbt package (0.18.2).
 To fix please update your packages.yml, and run:
dbt deps && dbt run --select elementary
[0m
2025-07-05 12:06:25 — DEBUG — Running dbt command --log-format json run-operation elementary.log_macro_results --args {"macro_name": "elementary_cli.get_elementary_database_and_schema", "macro_args": {}} --project-dir /Users/samydoreau/global-assignment/venv/lib/python3.10/site-packages/elementary/monitor/dbt_project --profiles-dir /Users/samydoreau/global-assignment
2025-07-05 12:06:25 — DEBUG — Result bytes size for command '['--log-format', 'json', 'run-operation', 'elementary.log_macro_results', '--args', '{"macro_name": "elementary_cli.get_elementary_database_and_schema", "macro_args": {}}', '--project-dir', '/Users/samydoreau/global-assignment/venv/lib/python3.10/site-packages/elementary/monitor/dbt_project', '--profiles-dir', '/Users/samydoreau/global-assignment']' is 476
2025-07-05 12:06:25 — INFO — Elementary's database and schema: '"podcast_analytics.public_elementary"'
2025-07-05 12:06:25 — INFO — Running dbt command --log-format json run-operation elementary.log_macro_results --args {"macro_name": "elementary_cli.get_test_results", "macro_args": {"days_back": 7, "invocations_per_test": 720, "disable_passed_test_metrics": false}} --project-dir /Users/samydoreau/global-assignment/venv/lib/python3.10/site-packages/elementary/monitor/dbt_project --profiles-dir /Users/samydoreau/global-assignment
2025-07-05 12:06:26 — DEBUG — Result bytes size for command '['--log-format', 'json', 'run-operation', 'elementary.log_macro_results', '--args', '{"macro_name": "elementary_cli.get_test_results", "macro_args": {"days_back": 7, "invocations_per_test": 720, "disable_passed_test_metrics": false}}', '--project-dir', '/Users/samydoreau/global-assignment/venv/lib/python3.10/site-packages/elementary/monitor/dbt_project', '--profiles-dir', '/Users/samydoreau/global-assignment']' is 71396
2025-07-05 12:06:26 — INFO — Running dbt command --log-format json run-operation elementary.log_macro_results --args {"macro_name": "elementary_cli.get_source_freshness_results", "macro_args": {"days_back": 7, "invocations_per_test": 720}} --project-dir /Users/samydoreau/global-assignment/venv/lib/python3.10/site-packages/elementary/monitor/dbt_project --profiles-dir /Users/samydoreau/global-assignment
2025-07-05 12:06:27 — DEBUG — Result bytes size for command '['--log-format', 'json', 'run-operation', 'elementary.log_macro_results', '--args', '{"macro_name": "elementary_cli.get_source_freshness_results", "macro_args": {"days_back": 7, "invocations_per_test": 720}}', '--project-dir', '/Users/samydoreau/global-assignment/venv/lib/python3.10/site-packages/elementary/monitor/dbt_project', '--profiles-dir', '/Users/samydoreau/global-assignment']' is 402
2025-07-05 12:06:27 — INFO — Running dbt command --log-format json run-operation elementary.log_macro_results --args {"macro_name": "elementary_cli.get_seeds", "macro_args": {}} --project-dir /Users/samydoreau/global-assignment/venv/lib/python3.10/site-packages/elementary/monitor/dbt_project --profiles-dir /Users/samydoreau/global-assignment
2025-07-05 12:06:28 — DEBUG — Result bytes size for command '['--log-format', 'json', 'run-operation', 'elementary.log_macro_results', '--args', '{"macro_name": "elementary_cli.get_seeds", "macro_args": {}}', '--project-dir', '/Users/samydoreau/global-assignment/venv/lib/python3.10/site-packages/elementary/monitor/dbt_project', '--profiles-dir', '/Users/samydoreau/global-assignment']' is 1730
2025-07-05 12:06:28 — INFO — Running dbt command --log-format json run-operation elementary.log_macro_results --args {"macro_name": "elementary_cli.get_snapshots", "macro_args": {}} --project-dir /Users/samydoreau/global-assignment/venv/lib/python3.10/site-packages/elementary/monitor/dbt_project --profiles-dir /Users/samydoreau/global-assignment
2025-07-05 12:06:28 — DEBUG — Result bytes size for command '['--log-format', 'json', 'run-operation', 'elementary.log_macro_results', '--args', '{"macro_name": "elementary_cli.get_snapshots", "macro_args": {}}', '--project-dir', '/Users/samydoreau/global-assignment/venv/lib/python3.10/site-packages/elementary/monitor/dbt_project', '--profiles-dir', '/Users/samydoreau/global-assignment']' is 402
2025-07-05 12:06:28 — INFO — Running dbt command --log-format json run-operation elementary.log_macro_results --args {"macro_name": "elementary_cli.get_models", "macro_args": {"exclude_elementary": true}} --project-dir /Users/samydoreau/global-assignment/venv/lib/python3.10/site-packages/elementary/monitor/dbt_project --profiles-dir /Users/samydoreau/global-assignment
2025-07-05 12:06:29 — DEBUG — Result bytes size for command '['--log-format', 'json', 'run-operation', 'elementary.log_macro_results', '--args', '{"macro_name": "elementary_cli.get_models", "macro_args": {"exclude_elementary": true}}', '--project-dir', '/Users/samydoreau/global-assignment/venv/lib/python3.10/site-packages/elementary/monitor/dbt_project', '--profiles-dir', '/Users/samydoreau/global-assignment']' is 9726
2025-07-05 12:06:29 — INFO — Running dbt command --log-format json run-operation elementary.log_macro_results --args {"macro_name": "elementary_cli.get_sources", "macro_args": {}} --project-dir /Users/samydoreau/global-assignment/venv/lib/python3.10/site-packages/elementary/monitor/dbt_project --profiles-dir /Users/samydoreau/global-assignment
2025-07-05 12:06:30 — DEBUG — Result bytes size for command '['--log-format', 'json', 'run-operation', 'elementary.log_macro_results', '--args', '{"macro_name": "elementary_cli.get_sources", "macro_args": {}}', '--project-dir', '/Users/samydoreau/global-assignment/venv/lib/python3.10/site-packages/elementary/monitor/dbt_project', '--profiles-dir', '/Users/samydoreau/global-assignment']' is 2636
2025-07-05 12:06:30 — INFO — Running dbt command --log-format json run-operation elementary.log_macro_results --args {"macro_name": "elementary_cli.get_exposures", "macro_args": {}} --project-dir /Users/samydoreau/global-assignment/venv/lib/python3.10/site-packages/elementary/monitor/dbt_project --profiles-dir /Users/samydoreau/global-assignment
2025-07-05 12:06:30 — DEBUG — Result bytes size for command '['--log-format', 'json', 'run-operation', 'elementary.log_macro_results', '--args', '{"macro_name": "elementary_cli.get_exposures", "macro_args": {}}', '--project-dir', '/Users/samydoreau/global-assignment/venv/lib/python3.10/site-packages/elementary/monitor/dbt_project', '--profiles-dir', '/Users/samydoreau/global-assignment']' is 402
2025-07-05 12:06:30 — INFO — Running dbt command --log-format json run-operation elementary.log_macro_results --args {"macro_name": "elementary_cli.get_singular_tests", "macro_args": {}} --project-dir /Users/samydoreau/global-assignment/venv/lib/python3.10/site-packages/elementary/monitor/dbt_project --profiles-dir /Users/samydoreau/global-assignment
2025-07-05 12:06:31 — DEBUG — Result bytes size for command '['--log-format', 'json', 'run-operation', 'elementary.log_macro_results', '--args', '{"macro_name": "elementary_cli.get_singular_tests", "macro_args": {}}', '--project-dir', '/Users/samydoreau/global-assignment/venv/lib/python3.10/site-packages/elementary/monitor/dbt_project', '--profiles-dir', '/Users/samydoreau/global-assignment']' is 402
2025-07-05 12:06:31 — INFO — Running dbt command --log-format json run-operation elementary.log_macro_results --args {"macro_name": "elementary_cli.get_models_runs", "macro_args": {"days_back": 7, "exclude_elementary": true}} --project-dir /Users/samydoreau/global-assignment/venv/lib/python3.10/site-packages/elementary/monitor/dbt_project --profiles-dir /Users/samydoreau/global-assignment
2025-07-05 12:06:32 — DEBUG — Result bytes size for command '['--log-format', 'json', 'run-operation', 'elementary.log_macro_results', '--args', '{"macro_name": "elementary_cli.get_models_runs", "macro_args": {"days_back": 7, "exclude_elementary": true}}', '--project-dir', '/Users/samydoreau/global-assignment/venv/lib/python3.10/site-packages/elementary/monitor/dbt_project', '--profiles-dir', '/Users/samydoreau/global-assignment']' is 22960
2025-07-05 12:06:32 — INFO — Running dbt command --log-format json run-operation elementary.log_macro_results --args {"macro_name": "elementary_cli.get_dbt_models_test_coverage", "macro_args": {}} --project-dir /Users/samydoreau/global-assignment/venv/lib/python3.10/site-packages/elementary/monitor/dbt_project --profiles-dir /Users/samydoreau/global-assignment
2025-07-05 12:06:32 — DEBUG — Result bytes size for command '['--log-format', 'json', 'run-operation', 'elementary.log_macro_results', '--args', '{"macro_name": "elementary_cli.get_dbt_models_test_coverage", "macro_args": {}}', '--project-dir', '/Users/samydoreau/global-assignment/venv/lib/python3.10/site-packages/elementary/monitor/dbt_project', '--profiles-dir', '/Users/samydoreau/global-assignment']' is 1906
2025-07-05 12:06:32 — INFO — Running dbt command --log-format json run-operation elementary.log_macro_results --args {"macro_name": "elementary_cli.get_tests", "macro_args": {}} --project-dir /Users/samydoreau/global-assignment/venv/lib/python3.10/site-packages/elementary/monitor/dbt_project --profiles-dir /Users/samydoreau/global-assignment
2025-07-05 12:06:33 — DEBUG — Result bytes size for command '['--log-format', 'json', 'run-operation', 'elementary.log_macro_results', '--args', '{"macro_name": "elementary_cli.get_tests", "macro_args": {}}', '--project-dir', '/Users/samydoreau/global-assignment/venv/lib/python3.10/site-packages/elementary/monitor/dbt_project', '--profiles-dir', '/Users/samydoreau/global-assignment']' is 37414
2025-07-05 12:06:33 — INFO — Running dbt command --log-format json run-operation elementary.log_macro_results --args {"macro_name": "elementary_cli.get_nodes_depends_on_nodes", "macro_args": {"exclude_elementary": true}} --project-dir /Users/samydoreau/global-assignment/venv/lib/python3.10/site-packages/elementary/monitor/dbt_project --profiles-dir /Users/samydoreau/global-assignment
2025-07-05 12:06:34 — DEBUG — Result bytes size for command '['--log-format', 'json', 'run-operation', 'elementary.log_macro_results', '--args', '{"macro_name": "elementary_cli.get_nodes_depends_on_nodes", "macro_args": {"exclude_elementary": true}}', '--project-dir', '/Users/samydoreau/global-assignment/venv/lib/python3.10/site-packages/elementary/monitor/dbt_project', '--profiles-dir', '/Users/samydoreau/global-assignment']' is 5562
2025-07-05 12:06:34 — INFO — Running dbt command --log-format json run-operation elementary.log_macro_results --args {"macro_name": "elementary_cli.get_models_latest_invocation", "macro_args": {}} --project-dir /Users/samydoreau/global-assignment/venv/lib/python3.10/site-packages/elementary/monitor/dbt_project --profiles-dir /Users/samydoreau/global-assignment
2025-07-05 12:06:34 — DEBUG — Result bytes size for command '['--log-format', 'json', 'run-operation', 'elementary.log_macro_results', '--args', '{"macro_name": "elementary_cli.get_models_latest_invocation", "macro_args": {}}', '--project-dir', '/Users/samydoreau/global-assignment/venv/lib/python3.10/site-packages/elementary/monitor/dbt_project', '--profiles-dir', '/Users/samydoreau/global-assignment']' is 9714
2025-07-05 12:06:34 — INFO — Running dbt command --log-format json run-operation elementary.log_macro_results --args {"macro_name": "elementary_cli.get_models_latest_invocations_data", "macro_args": {}} --project-dir /Users/samydoreau/global-assignment/venv/lib/python3.10/site-packages/elementary/monitor/dbt_project --profiles-dir /Users/samydoreau/global-assignment
2025-07-05 12:06:35 — DEBUG — Result bytes size for command '['--log-format', 'json', 'run-operation', 'elementary.log_macro_results', '--args', '{"macro_name": "elementary_cli.get_models_latest_invocations_data", "macro_args": {}}', '--project-dir', '/Users/samydoreau/global-assignment/venv/lib/python3.10/site-packages/elementary/monitor/dbt_project', '--profiles-dir', '/Users/samydoreau/global-assignment']' is 1286
2025-07-05 12:19:12 — INFO — Running with edr=0.19.1
2025-07-05 12:19:12 — INFO — edr internal dbt package is not up-to-date, updating it...
2025-07-05 12:19:12 — INFO — Running dbt command --log-format json deps --project-dir /Users/samydoreau/global-assignment/venv/lib/python3.10/site-packages/elementary/monitor/dbt_project --profiles-dir /Users/samydoreau/global-assignment
2025-07-05 12:19:14 — DEBUG — Running dbt command --log-format json run-operation elementary.log_macro_results --args {"macro_name": "elementary_cli.get_latest_invocation", "macro_args": {}} --project-dir /Users/samydoreau/global-assignment/venv/lib/python3.10/site-packages/elementary/monitor/dbt_project --profiles-dir /Users/samydoreau/global-assignment
2025-07-05 12:19:15 — DEBUG — Result bytes size for command '['--log-format', 'json', 'run-operation', 'elementary.log_macro_results', '--args', '{"macro_name": "elementary_cli.get_latest_invocation", "macro_args": {}}', '--project-dir', '/Users/samydoreau/global-assignment/venv/lib/python3.10/site-packages/elementary/monitor/dbt_project', '--profiles-dir', '/Users/samydoreau/global-assignment']' is 2524
2025-07-05 12:19:15 — DEBUG — Running dbt command --log-format json run-operation elementary.log_macro_results --args {"macro_name": "elementary_cli.get_adapter_type_and_unique_id", "macro_args": {}} --project-dir /Users/samydoreau/global-assignment/venv/lib/python3.10/site-packages/elementary/monitor/dbt_project --profiles-dir /Users/samydoreau/global-assignment
2025-07-05 12:19:16 — DEBUG — Result bytes size for command '['--log-format', 'json', 'run-operation', 'elementary.log_macro_results', '--args', '{"macro_name": "elementary_cli.get_adapter_type_and_unique_id", "macro_args": {}}', '--project-dir', '/Users/samydoreau/global-assignment/venv/lib/python3.10/site-packages/elementary/monitor/dbt_project', '--profiles-dir', '/Users/samydoreau/global-assignment']' is 456
[33;20m2025-07-05 12:19:16 — WARNING — You are using incompatible versions between edr (0.19.1) and Elementary's dbt package (0.18.2).
 To fix please update your packages.yml, and run:
dbt deps && dbt run --select elementary
[0m
2025-07-05 12:19:16 — DEBUG — Running dbt command --log-format json run-operation elementary.log_macro_results --args {"macro_name": "elementary_cli.get_elementary_database_and_schema", "macro_args": {}} --project-dir /Users/samydoreau/global-assignment/venv/lib/python3.10/site-packages/elementary/monitor/dbt_project --profiles-dir /Users/samydoreau/global-assignment
2025-07-05 12:19:17 — DEBUG — Result bytes size for command '['--log-format', 'json', 'run-operation', 'elementary.log_macro_results', '--args', '{"macro_name": "elementary_cli.get_elementary_database_and_schema", "macro_args": {}}', '--project-dir', '/Users/samydoreau/global-assignment/venv/lib/python3.10/site-packages/elementary/monitor/dbt_project', '--profiles-dir', '/Users/samydoreau/global-assignment']' is 476
2025-07-05 12:19:17 — INFO — Elementary's database and schema: '"podcast_analytics.public_elementary"'
2025-07-05 12:19:17 — INFO — Running dbt command --log-format json run-operation elementary.log_macro_results --args {"macro_name": "elementary_cli.get_test_results", "macro_args": {"days_back": 7, "invocations_per_test": 720, "disable_passed_test_metrics": false}} --project-dir /Users/samydoreau/global-assignment/venv/lib/python3.10/site-packages/elementary/monitor/dbt_project --profiles-dir /Users/samydoreau/global-assignment
2025-07-05 12:19:18 — DEBUG — Result bytes size for command '['--log-format', 'json', 'run-operation', 'elementary.log_macro_results', '--args', '{"macro_name": "elementary_cli.get_test_results", "macro_args": {"days_back": 7, "invocations_per_test": 720, "disable_passed_test_metrics": false}}', '--project-dir', '/Users/samydoreau/global-assignment/venv/lib/python3.10/site-packages/elementary/monitor/dbt_project', '--profiles-dir', '/Users/samydoreau/global-assignment']' is 71396
2025-07-05 12:19:18 — INFO — Running dbt command --log-format json run-operation elementary.log_macro_results --args {"macro_name": "elementary_cli.get_source_freshness_results", "macro_args": {"days_back": 7, "invocations_per_test": 720}} --project-dir /Users/samydoreau/global-assignment/venv/lib/python3.10/site-packages/elementary/monitor/dbt_project --profiles-dir /Users/samydoreau/global-assignment
2025-07-05 12:19:18 — DEBUG — Result bytes size for command '['--log-format', 'json', 'run-operation', 'elementary.log_macro_results', '--args', '{"macro_name": "elementary_cli.get_source_freshness_results", "macro_args": {"days_back": 7, "invocations_per_test": 720}}', '--project-dir', '/Users/samydoreau/global-assignment/venv/lib/python3.10/site-packages/elementary/monitor/dbt_project', '--profiles-dir', '/Users/samydoreau/global-assignment']' is 402
2025-07-05 12:19:18 — INFO — Running dbt command --log-format json run-operation elementary.log_macro_results --args {"macro_name": "elementary_cli.get_seeds", "macro_args": {}} --project-dir /Users/samydoreau/global-assignment/venv/lib/python3.10/site-packages/elementary/monitor/dbt_project --profiles-dir /Users/samydoreau/global-assignment
2025-07-05 12:19:19 — DEBUG — Result bytes size for command '['--log-format', 'json', 'run-operation', 'elementary.log_macro_results', '--args', '{"macro_name": "elementary_cli.get_seeds", "macro_args": {}}', '--project-dir', '/Users/samydoreau/global-assignment/venv/lib/python3.10/site-packages/elementary/monitor/dbt_project', '--profiles-dir', '/Users/samydoreau/global-assignment']' is 1730
2025-07-05 12:19:19 — INFO — Running dbt command --log-format json run-operation elementary.log_macro_results --args {"macro_name": "elementary_cli.get_snapshots", "macro_args": {}} --project-dir /Users/samydoreau/global-assignment/venv/lib/python3.10/site-packages/elementary/monitor/dbt_project --profiles-dir /Users/samydoreau/global-assignment
2025-07-05 12:19:20 — DEBUG — Result bytes size for command '['--log-format', 'json', 'run-operation', 'elementary.log_macro_results', '--args', '{"macro_name": "elementary_cli.get_snapshots", "macro_args": {}}', '--project-dir', '/Users/samydoreau/global-assignment/venv/lib/python3.10/site-packages/elementary/monitor/dbt_project', '--profiles-dir', '/Users/samydoreau/global-assignment']' is 402
2025-07-05 12:19:20 — INFO — Running dbt command --log-format json run-operation elementary.log_macro_results --args {"macro_name": "elementary_cli.get_models", "macro_args": {"exclude_elementary": true}} --project-dir /Users/samydoreau/global-assignment/venv/lib/python3.10/site-packages/elementary/monitor/dbt_project --profiles-dir /Users/samydoreau/global-assignment
2025-07-05 12:19:20 — DEBUG — Result bytes size for command '['--log-format', 'json', 'run-operation', 'elementary.log_macro_results', '--args', '{"macro_name": "elementary_cli.get_models", "macro_args": {"exclude_elementary": true}}', '--project-dir', '/Users/samydoreau/global-assignment/venv/lib/python3.10/site-packages/elementary/monitor/dbt_project', '--profiles-dir', '/Users/samydoreau/global-assignment']' is 9726
2025-07-05 12:19:20 — INFO — Running dbt command --log-format json run-operation elementary.log_macro_results --args {"macro_name": "elementary_cli.get_sources", "macro_args": {}} --project-dir /Users/samydoreau/global-assignment/venv/lib/python3.10/site-packages/elementary/monitor/dbt_project --profiles-dir /Users/samydoreau/global-assignment
2025-07-05 12:19:21 — DEBUG — Result bytes size for command '['--log-format', 'json', 'run-operation', 'elementary.log_macro_results', '--args', '{"macro_name": "elementary_cli.get_sources", "macro_args": {}}', '--project-dir', '/Users/samydoreau/global-assignment/venv/lib/python3.10/site-packages/elementary/monitor/dbt_project', '--profiles-dir', '/Users/samydoreau/global-assignment']' is 2636
2025-07-05 12:19:21 — INFO — Running dbt command --log-format json run-operation elementary.log_macro_results --args {"macro_name": "elementary_cli.get_exposures", "macro_args": {}} --project-dir /Users/samydoreau/global-assignment/venv/lib/python3.10/site-packages/elementary/monitor/dbt_project --profiles-dir /Users/samydoreau/global-assignment
2025-07-05 12:19:22 — DEBUG — Result bytes size for command '['--log-format', 'json', 'run-operation', 'elementary.log_macro_results', '--args', '{"macro_name": "elementary_cli.get_exposures", "macro_args": {}}', '--project-dir', '/Users/samydoreau/global-assignment/venv/lib/python3.10/site-packages/elementary/monitor/dbt_project', '--profiles-dir', '/Users/samydoreau/global-assignment']' is 402
2025-07-05 12:19:22 — INFO — Running dbt command --log-format json run-operation elementary.log_macro_results --args {"macro_name": "elementary_cli.get_singular_tests", "macro_args": {}} --project-dir /Users/samydoreau/global-assignment/venv/lib/python3.10/site-packages/elementary/monitor/dbt_project --profiles-dir /Users/samydoreau/global-assignment
2025-07-05 12:19:23 — DEBUG — Result bytes size for command '['--log-format', 'json', 'run-operation', 'elementary.log_macro_results', '--args', '{"macro_name": "elementary_cli.get_singular_tests", "macro_args": {}}', '--project-dir', '/Users/samydoreau/global-assignment/venv/lib/python3.10/site-packages/elementary/monitor/dbt_project', '--profiles-dir', '/Users/samydoreau/global-assignment']' is 402
2025-07-05 12:19:23 — INFO — Running dbt command --log-format json run-operation elementary.log_macro_results --args {"macro_name": "elementary_cli.get_models_runs", "macro_args": {"days_back": 7, "exclude_elementary": true}} --project-dir /Users/samydoreau/global-assignment/venv/lib/python3.10/site-packages/elementary/monitor/dbt_project --profiles-dir /Users/samydoreau/global-assignment
2025-07-05 12:19:23 — DEBUG — Result bytes size for command '['--log-format', 'json', 'run-operation', 'elementary.log_macro_results', '--args', '{"macro_name": "elementary_cli.get_models_runs", "macro_args": {"days_back": 7, "exclude_elementary": true}}', '--project-dir', '/Users/samydoreau/global-assignment/venv/lib/python3.10/site-packages/elementary/monitor/dbt_project', '--profiles-dir', '/Users/samydoreau/global-assignment']' is 22960
2025-07-05 12:19:23 — INFO — Running dbt command --log-format json run-operation elementary.log_macro_results --args {"macro_name": "elementary_cli.get_dbt_models_test_coverage", "macro_args": {}} --project-dir /Users/samydoreau/global-assignment/venv/lib/python3.10/site-packages/elementary/monitor/dbt_project --profiles-dir /Users/samydoreau/global-assignment
2025-07-05 12:19:24 — DEBUG — Result bytes size for command '['--log-format', 'json', 'run-operation', 'elementary.log_macro_results', '--args', '{"macro_name": "elementary_cli.get_dbt_models_test_coverage", "macro_args": {}}', '--project-dir', '/Users/samydoreau/global-assignment/venv/lib/python3.10/site-packages/elementary/monitor/dbt_project', '--profiles-dir', '/Users/samydoreau/global-assignment']' is 1906
2025-07-05 12:19:24 — INFO — Running dbt command --log-format json run-operation elementary.log_macro_results --args {"macro_name": "elementary_cli.get_tests", "macro_args": {}} --project-dir /Users/samydoreau/global-assignment/venv/lib/python3.10/site-packages/elementary/monitor/dbt_project --profiles-dir /Users/samydoreau/global-assignment
2025-07-05 12:19:25 — DEBUG — Result bytes size for command '['--log-format', 'json', 'run-operation', 'elementary.log_macro_results', '--args', '{"macro_name": "elementary_cli.get_tests", "macro_args": {}}', '--project-dir', '/Users/samydoreau/global-assignment/venv/lib/python3.10/site-packages/elementary/monitor/dbt_project', '--profiles-dir', '/Users/samydoreau/global-assignment']' is 37414
2025-07-05 12:19:25 — INFO — Running dbt command --log-format json run-operation elementary.log_macro_results --args {"macro_name": "elementary_cli.get_nodes_depends_on_nodes", "macro_args": {"exclude_elementary": true}} --project-dir /Users/samydoreau/global-assignment/venv/lib/python3.10/site-packages/elementary/monitor/dbt_project --profiles-dir /Users/samydoreau/global-assignment
2025-07-05 12:19:25 — DEBUG — Result bytes size for command '['--log-format', 'json', 'run-operation', 'elementary.log_macro_results', '--args', '{"macro_name": "elementary_cli.get_nodes_depends_on_nodes", "macro_args": {"exclude_elementary": true}}', '--project-dir', '/Users/samydoreau/global-assignment/venv/lib/python3.10/site-packages/elementary/monitor/dbt_project', '--profiles-dir', '/Users/samydoreau/global-assignment']' is 5562
2025-07-05 12:19:25 — INFO — Running dbt command --log-format json run-operation elementary.log_macro_results --args {"macro_name": "elementary_cli.get_models_latest_invocation", "macro_args": {}} --project-dir /Users/samydoreau/global-assignment/venv/lib/python3.10/site-packages/elementary/monitor/dbt_project --profiles-dir /Users/samydoreau/global-assignment
2025-07-05 12:19:26 — DEBUG — Result bytes size for command '['--log-format', 'json', 'run-operation', 'elementary.log_macro_results', '--args', '{"macro_name": "elementary_cli.get_models_latest_invocation", "macro_args": {}}', '--project-dir', '/Users/samydoreau/global-assignment/venv/lib/python3.10/site-packages/elementary/monitor/dbt_project', '--profiles-dir', '/Users/samydoreau/global-assignment']' is 9714
2025-07-05 12:19:26 — INFO — Running dbt command --log-format json run-operation elementary.log_macro_results --args {"macro_name": "elementary_cli.get_models_latest_invocations_data", "macro_args": {}} --project-dir /Users/samydoreau/global-assignment/venv/lib/python3.10/site-packages/elementary/monitor/dbt_project --profiles-dir /Users/samydoreau/global-assignment
2025-07-05 12:19:27 — DEBUG — Result bytes size for command '['--log-format', 'json', 'run-operation', 'elementary.log_macro_results', '--args', '{"macro_name": "elementary_cli.get_models_latest_invocations_data", "macro_args": {}}', '--project-dir', '/Users/samydoreau/global-assignment/venv/lib/python3.10/site-packages/elementary/monitor/dbt_project', '--profiles-dir', '/Users/samydoreau/global-assignment']' is 1286
2025-07-05 14:39:29 — INFO — Running with edr=0.19.1
2025-07-05 14:39:29 — INFO — edr internal dbt package is not up-to-date, updating it...
2025-07-05 14:39:29 — INFO — Running dbt command --log-format json deps --project-dir /Users/samydoreau/global-assignment/venv/lib/python3.10/site-packages/elementary/monitor/dbt_project --profiles-dir /Users/samydoreau/global-assignment
2025-07-05 14:39:31 — DEBUG — Running dbt command --log-format json run-operation elementary.log_macro_results --args {"macro_name": "elementary_cli.get_latest_invocation", "macro_args": {}} --project-dir /Users/samydoreau/global-assignment/venv/lib/python3.10/site-packages/elementary/monitor/dbt_project --profiles-dir /Users/samydoreau/global-assignment
2025-07-05 14:39:33 — DEBUG — Result bytes size for command '['--log-format', 'json', 'run-operation', 'elementary.log_macro_results', '--args', '{"macro_name": "elementary_cli.get_latest_invocation", "macro_args": {}}', '--project-dir', '/Users/samydoreau/global-assignment/venv/lib/python3.10/site-packages/elementary/monitor/dbt_project', '--profiles-dir', '/Users/samydoreau/global-assignment']' is 2523
2025-07-05 14:39:33 — DEBUG — Running dbt command --log-format json run-operation elementary.log_macro_results --args {"macro_name": "elementary_cli.get_adapter_type_and_unique_id", "macro_args": {}} --project-dir /Users/samydoreau/global-assignment/venv/lib/python3.10/site-packages/elementary/monitor/dbt_project --profiles-dir /Users/samydoreau/global-assignment
2025-07-05 14:39:34 — DEBUG — Result bytes size for command '['--log-format', 'json', 'run-operation', 'elementary.log_macro_results', '--args', '{"macro_name": "elementary_cli.get_adapter_type_and_unique_id", "macro_args": {}}', '--project-dir', '/Users/samydoreau/global-assignment/venv/lib/python3.10/site-packages/elementary/monitor/dbt_project', '--profiles-dir', '/Users/samydoreau/global-assignment']' is 455
[33;20m2025-07-05 14:39:34 — WARNING — You are using incompatible versions between edr (0.19.1) and Elementary's dbt package (0.18.2).
 To fix please update your packages.yml, and run:
dbt deps && dbt run --select elementary
[0m
2025-07-05 14:39:34 — DEBUG — Running dbt command --log-format json run-operation elementary.log_macro_results --args {"macro_name": "elementary_cli.get_elementary_database_and_schema", "macro_args": {}} --project-dir /Users/samydoreau/global-assignment/venv/lib/python3.10/site-packages/elementary/monitor/dbt_project --profiles-dir /Users/samydoreau/global-assignment
2025-07-05 14:39:35 — DEBUG — Result bytes size for command '['--log-format', 'json', 'run-operation', 'elementary.log_macro_results', '--args', '{"macro_name": "elementary_cli.get_elementary_database_and_schema", "macro_args": {}}', '--project-dir', '/Users/samydoreau/global-assignment/venv/lib/python3.10/site-packages/elementary/monitor/dbt_project', '--profiles-dir', '/Users/samydoreau/global-assignment']' is 475
2025-07-05 14:39:35 — INFO — Elementary's database and schema: '"podcast_analytics.public_elementary"'
2025-07-05 14:39:35 — INFO — Running dbt command --log-format json run-operation elementary.log_macro_results --args {"macro_name": "elementary_cli.get_test_results", "macro_args": {"days_back": 7, "invocations_per_test": 720, "disable_passed_test_metrics": false}} --project-dir /Users/samydoreau/global-assignment/venv/lib/python3.10/site-packages/elementary/monitor/dbt_project --profiles-dir /Users/samydoreau/global-assignment
2025-07-05 14:39:35 — DEBUG — Result bytes size for command '['--log-format', 'json', 'run-operation', 'elementary.log_macro_results', '--args', '{"macro_name": "elementary_cli.get_test_results", "macro_args": {"days_back": 7, "invocations_per_test": 720, "disable_passed_test_metrics": false}}', '--project-dir', '/Users/samydoreau/global-assignment/venv/lib/python3.10/site-packages/elementary/monitor/dbt_project', '--profiles-dir', '/Users/samydoreau/global-assignment']' is 71395
2025-07-05 14:39:35 — INFO — Running dbt command --log-format json run-operation elementary.log_macro_results --args {"macro_name": "elementary_cli.get_source_freshness_results", "macro_args": {"days_back": 7, "invocations_per_test": 720}} --project-dir /Users/samydoreau/global-assignment/venv/lib/python3.10/site-packages/elementary/monitor/dbt_project --profiles-dir /Users/samydoreau/global-assignment
2025-07-05 14:39:36 — DEBUG — Result bytes size for command '['--log-format', 'json', 'run-operation', 'elementary.log_macro_results', '--args', '{"macro_name": "elementary_cli.get_source_freshness_results", "macro_args": {"days_back": 7, "invocations_per_test": 720}}', '--project-dir', '/Users/samydoreau/global-assignment/venv/lib/python3.10/site-packages/elementary/monitor/dbt_project', '--profiles-dir', '/Users/samydoreau/global-assignment']' is 401
2025-07-05 14:39:36 — INFO — Running dbt command --log-format json run-operation elementary.log_macro_results --args {"macro_name": "elementary_cli.get_seeds", "macro_args": {}} --project-dir /Users/samydoreau/global-assignment/venv/lib/python3.10/site-packages/elementary/monitor/dbt_project --profiles-dir /Users/samydoreau/global-assignment
2025-07-05 14:39:37 — DEBUG — Result bytes size for command '['--log-format', 'json', 'run-operation', 'elementary.log_macro_results', '--args', '{"macro_name": "elementary_cli.get_seeds", "macro_args": {}}', '--project-dir', '/Users/samydoreau/global-assignment/venv/lib/python3.10/site-packages/elementary/monitor/dbt_project', '--profiles-dir', '/Users/samydoreau/global-assignment']' is 1729
2025-07-05 14:39:37 — INFO — Running dbt command --log-format json run-operation elementary.log_macro_results --args {"macro_name": "elementary_cli.get_snapshots", "macro_args": {}} --project-dir /Users/samydoreau/global-assignment/venv/lib/python3.10/site-packages/elementary/monitor/dbt_project --profiles-dir /Users/samydoreau/global-assignment
2025-07-05 14:39:37 — DEBUG — Result bytes size for command '['--log-format', 'json', 'run-operation', 'elementary.log_macro_results', '--args', '{"macro_name": "elementary_cli.get_snapshots", "macro_args": {}}', '--project-dir', '/Users/samydoreau/global-assignment/venv/lib/python3.10/site-packages/elementary/monitor/dbt_project', '--profiles-dir', '/Users/samydoreau/global-assignment']' is 401
2025-07-05 14:39:37 — INFO — Running dbt command --log-format json run-operation elementary.log_macro_results --args {"macro_name": "elementary_cli.get_models", "macro_args": {"exclude_elementary": true}} --project-dir /Users/samydoreau/global-assignment/venv/lib/python3.10/site-packages/elementary/monitor/dbt_project --profiles-dir /Users/samydoreau/global-assignment
2025-07-05 14:39:38 — DEBUG — Result bytes size for command '['--log-format', 'json', 'run-operation', 'elementary.log_macro_results', '--args', '{"macro_name": "elementary_cli.get_models", "macro_args": {"exclude_elementary": true}}', '--project-dir', '/Users/samydoreau/global-assignment/venv/lib/python3.10/site-packages/elementary/monitor/dbt_project', '--profiles-dir', '/Users/samydoreau/global-assignment']' is 9725
2025-07-05 14:39:38 — INFO — Running dbt command --log-format json run-operation elementary.log_macro_results --args {"macro_name": "elementary_cli.get_sources", "macro_args": {}} --project-dir /Users/samydoreau/global-assignment/venv/lib/python3.10/site-packages/elementary/monitor/dbt_project --profiles-dir /Users/samydoreau/global-assignment
2025-07-05 14:39:39 — DEBUG — Result bytes size for command '['--log-format', 'json', 'run-operation', 'elementary.log_macro_results', '--args', '{"macro_name": "elementary_cli.get_sources", "macro_args": {}}', '--project-dir', '/Users/samydoreau/global-assignment/venv/lib/python3.10/site-packages/elementary/monitor/dbt_project', '--profiles-dir', '/Users/samydoreau/global-assignment']' is 2635
2025-07-05 14:39:39 — INFO — Running dbt command --log-format json run-operation elementary.log_macro_results --args {"macro_name": "elementary_cli.get_exposures", "macro_args": {}} --project-dir /Users/samydoreau/global-assignment/venv/lib/python3.10/site-packages/elementary/monitor/dbt_project --profiles-dir /Users/samydoreau/global-assignment
2025-07-05 14:39:39 — DEBUG — Result bytes size for command '['--log-format', 'json', 'run-operation', 'elementary.log_macro_results', '--args', '{"macro_name": "elementary_cli.get_exposures", "macro_args": {}}', '--project-dir', '/Users/samydoreau/global-assignment/venv/lib/python3.10/site-packages/elementary/monitor/dbt_project', '--profiles-dir', '/Users/samydoreau/global-assignment']' is 401
2025-07-05 14:39:39 — INFO — Running dbt command --log-format json run-operation elementary.log_macro_results --args {"macro_name": "elementary_cli.get_singular_tests", "macro_args": {}} --project-dir /Users/samydoreau/global-assignment/venv/lib/python3.10/site-packages/elementary/monitor/dbt_project --profiles-dir /Users/samydoreau/global-assignment
2025-07-05 14:39:40 — DEBUG — Result bytes size for command '['--log-format', 'json', 'run-operation', 'elementary.log_macro_results', '--args', '{"macro_name": "elementary_cli.get_singular_tests", "macro_args": {}}', '--project-dir', '/Users/samydoreau/global-assignment/venv/lib/python3.10/site-packages/elementary/monitor/dbt_project', '--profiles-dir', '/Users/samydoreau/global-assignment']' is 401
2025-07-05 14:39:40 — INFO — Running dbt command --log-format json run-operation elementary.log_macro_results --args {"macro_name": "elementary_cli.get_models_runs", "macro_args": {"days_back": 7, "exclude_elementary": true}} --project-dir /Users/samydoreau/global-assignment/venv/lib/python3.10/site-packages/elementary/monitor/dbt_project --profiles-dir /Users/samydoreau/global-assignment
2025-07-05 14:39:41 — DEBUG — Result bytes size for command '['--log-format', 'json', 'run-operation', 'elementary.log_macro_results', '--args', '{"macro_name": "elementary_cli.get_models_runs", "macro_args": {"days_back": 7, "exclude_elementary": true}}', '--project-dir', '/Users/samydoreau/global-assignment/venv/lib/python3.10/site-packages/elementary/monitor/dbt_project', '--profiles-dir', '/Users/samydoreau/global-assignment']' is 22959
2025-07-05 14:39:41 — INFO — Running dbt command --log-format json run-operation elementary.log_macro_results --args {"macro_name": "elementary_cli.get_dbt_models_test_coverage", "macro_args": {}} --project-dir /Users/samydoreau/global-assignment/venv/lib/python3.10/site-packages/elementary/monitor/dbt_project --profiles-dir /Users/samydoreau/global-assignment
2025-07-05 14:39:41 — DEBUG — Result bytes size for command '['--log-format', 'json', 'run-operation', 'elementary.log_macro_results', '--args', '{"macro_name": "elementary_cli.get_dbt_models_test_coverage", "macro_args": {}}', '--project-dir', '/Users/samydoreau/global-assignment/venv/lib/python3.10/site-packages/elementary/monitor/dbt_project', '--profiles-dir', '/Users/samydoreau/global-assignment']' is 1905
2025-07-05 14:39:41 — INFO — Running dbt command --log-format json run-operation elementary.log_macro_results --args {"macro_name": "elementary_cli.get_tests", "macro_args": {}} --project-dir /Users/samydoreau/global-assignment/venv/lib/python3.10/site-packages/elementary/monitor/dbt_project --profiles-dir /Users/samydoreau/global-assignment
2025-07-05 14:39:42 — DEBUG — Result bytes size for command '['--log-format', 'json', 'run-operation', 'elementary.log_macro_results', '--args', '{"macro_name": "elementary_cli.get_tests", "macro_args": {}}', '--project-dir', '/Users/samydoreau/global-assignment/venv/lib/python3.10/site-packages/elementary/monitor/dbt_project', '--profiles-dir', '/Users/samydoreau/global-assignment']' is 37413
2025-07-05 14:39:42 — INFO — Running dbt command --log-format json run-operation elementary.log_macro_results --args {"macro_name": "elementary_cli.get_nodes_depends_on_nodes", "macro_args": {"exclude_elementary": true}} --project-dir /Users/samydoreau/global-assignment/venv/lib/python3.10/site-packages/elementary/monitor/dbt_project --profiles-dir /Users/samydoreau/global-assignment
2025-07-05 14:39:42 — DEBUG — Result bytes size for command '['--log-format', 'json', 'run-operation', 'elementary.log_macro_results', '--args', '{"macro_name": "elementary_cli.get_nodes_depends_on_nodes", "macro_args": {"exclude_elementary": true}}', '--project-dir', '/Users/samydoreau/global-assignment/venv/lib/python3.10/site-packages/elementary/monitor/dbt_project', '--profiles-dir', '/Users/samydoreau/global-assignment']' is 5561
2025-07-05 14:39:42 — INFO — Running dbt command --log-format json run-operation elementary.log_macro_results --args {"macro_name": "elementary_cli.get_models_latest_invocation", "macro_args": {}} --project-dir /Users/samydoreau/global-assignment/venv/lib/python3.10/site-packages/elementary/monitor/dbt_project --profiles-dir /Users/samydoreau/global-assignment
2025-07-05 14:39:43 — DEBUG — Result bytes size for command '['--log-format', 'json', 'run-operation', 'elementary.log_macro_results', '--args', '{"macro_name": "elementary_cli.get_models_latest_invocation", "macro_args": {}}', '--project-dir', '/Users/samydoreau/global-assignment/venv/lib/python3.10/site-packages/elementary/monitor/dbt_project', '--profiles-dir', '/Users/samydoreau/global-assignment']' is 9713
2025-07-05 14:39:43 — INFO — Running dbt command --log-format json run-operation elementary.log_macro_results --args {"macro_name": "elementary_cli.get_models_latest_invocations_data", "macro_args": {}} --project-dir /Users/samydoreau/global-assignment/venv/lib/python3.10/site-packages/elementary/monitor/dbt_project --profiles-dir /Users/samydoreau/global-assignment
2025-07-05 14:39:44 — DEBUG — Result bytes size for command '['--log-format', 'json', 'run-operation', 'elementary.log_macro_results', '--args', '{"macro_name": "elementary_cli.get_models_latest_invocations_data", "macro_args": {}}', '--project-dir', '/Users/samydoreau/global-assignment/venv/lib/python3.10/site-packages/elementary/monitor/dbt_project', '--profiles-dir', '/Users/samydoreau/global-assignment']' is 1285
2025-07-05 15:51:12 — INFO — Running with edr=0.19.1
2025-07-05 15:51:12 — INFO — edr internal dbt package is not up-to-date, updating it...
2025-07-05 15:51:12 — INFO — Running dbt command --log-format json deps --project-dir /Users/samydoreau/global-assignment/venv/lib/python3.10/site-packages/elementary/monitor/dbt_project --profiles-dir /Users/samydoreau/global-assignment
2025-07-05 15:51:13 — DEBUG — Running dbt command --log-format json run-operation elementary.log_macro_results --args {"macro_name": "elementary_cli.get_latest_invocation", "macro_args": {}} --project-dir /Users/samydoreau/global-assignment/venv/lib/python3.10/site-packages/elementary/monitor/dbt_project --profiles-dir /Users/samydoreau/global-assignment
2025-07-05 15:51:14 — DEBUG — Result bytes size for command '['--log-format', 'json', 'run-operation', 'elementary.log_macro_results', '--args', '{"macro_name": "elementary_cli.get_latest_invocation", "macro_args": {}}', '--project-dir', '/Users/samydoreau/global-assignment/venv/lib/python3.10/site-packages/elementary/monitor/dbt_project', '--profiles-dir', '/Users/samydoreau/global-assignment']' is 2524
2025-07-05 15:51:14 — DEBUG — Running dbt command --log-format json run-operation elementary.log_macro_results --args {"macro_name": "elementary_cli.get_adapter_type_and_unique_id", "macro_args": {}} --project-dir /Users/samydoreau/global-assignment/venv/lib/python3.10/site-packages/elementary/monitor/dbt_project --profiles-dir /Users/samydoreau/global-assignment
2025-07-05 15:51:14 — DEBUG — Result bytes size for command '['--log-format', 'json', 'run-operation', 'elementary.log_macro_results', '--args', '{"macro_name": "elementary_cli.get_adapter_type_and_unique_id", "macro_args": {}}', '--project-dir', '/Users/samydoreau/global-assignment/venv/lib/python3.10/site-packages/elementary/monitor/dbt_project', '--profiles-dir', '/Users/samydoreau/global-assignment']' is 456
[33;20m2025-07-05 15:51:14 — WARNING — You are using incompatible versions between edr (0.19.1) and Elementary's dbt package (0.18.2).
 To fix please update your packages.yml, and run:
dbt deps && dbt run --select elementary
[0m
2025-07-05 15:51:14 — DEBUG — Running dbt command --log-format json run-operation elementary.log_macro_results --args {"macro_name": "elementary_cli.get_elementary_database_and_schema", "macro_args": {}} --project-dir /Users/samydoreau/global-assignment/venv/lib/python3.10/site-packages/elementary/monitor/dbt_project --profiles-dir /Users/samydoreau/global-assignment
2025-07-05 15:51:15 — DEBUG — Result bytes size for command '['--log-format', 'json', 'run-operation', 'elementary.log_macro_results', '--args', '{"macro_name": "elementary_cli.get_elementary_database_and_schema", "macro_args": {}}', '--project-dir', '/Users/samydoreau/global-assignment/venv/lib/python3.10/site-packages/elementary/monitor/dbt_project', '--profiles-dir', '/Users/samydoreau/global-assignment']' is 476
2025-07-05 15:51:15 — INFO — Elementary's database and schema: '"podcast_analytics.public_elementary"'
2025-07-05 15:51:15 — INFO — Running dbt command --log-format json run-operation elementary.log_macro_results --args {"macro_name": "elementary_cli.get_test_results", "macro_args": {"days_back": 7, "invocations_per_test": 720, "disable_passed_test_metrics": false}} --project-dir /Users/samydoreau/global-assignment/venv/lib/python3.10/site-packages/elementary/monitor/dbt_project --profiles-dir /Users/samydoreau/global-assignment
2025-07-05 15:51:16 — DEBUG — Result bytes size for command '['--log-format', 'json', 'run-operation', 'elementary.log_macro_results', '--args', '{"macro_name": "elementary_cli.get_test_results", "macro_args": {"days_back": 7, "invocations_per_test": 720, "disable_passed_test_metrics": false}}', '--project-dir', '/Users/samydoreau/global-assignment/venv/lib/python3.10/site-packages/elementary/monitor/dbt_project', '--profiles-dir', '/Users/samydoreau/global-assignment']' is 71396
2025-07-05 15:51:16 — INFO — Running dbt command --log-format json run-operation elementary.log_macro_results --args {"macro_name": "elementary_cli.get_source_freshness_results", "macro_args": {"days_back": 7, "invocations_per_test": 720}} --project-dir /Users/samydoreau/global-assignment/venv/lib/python3.10/site-packages/elementary/monitor/dbt_project --profiles-dir /Users/samydoreau/global-assignment
2025-07-05 15:51:16 — DEBUG — Result bytes size for command '['--log-format', 'json', 'run-operation', 'elementary.log_macro_results', '--args', '{"macro_name": "elementary_cli.get_source_freshness_results", "macro_args": {"days_back": 7, "invocations_per_test": 720}}', '--project-dir', '/Users/samydoreau/global-assignment/venv/lib/python3.10/site-packages/elementary/monitor/dbt_project', '--profiles-dir', '/Users/samydoreau/global-assignment']' is 402
2025-07-05 15:51:16 — INFO — Running dbt command --log-format json run-operation elementary.log_macro_results --args {"macro_name": "elementary_cli.get_seeds", "macro_args": {}} --project-dir /Users/samydoreau/global-assignment/venv/lib/python3.10/site-packages/elementary/monitor/dbt_project --profiles-dir /Users/samydoreau/global-assignment
2025-07-05 15:51:17 — DEBUG — Result bytes size for command '['--log-format', 'json', 'run-operation', 'elementary.log_macro_results', '--args', '{"macro_name": "elementary_cli.get_seeds", "macro_args": {}}', '--project-dir', '/Users/samydoreau/global-assignment/venv/lib/python3.10/site-packages/elementary/monitor/dbt_project', '--profiles-dir', '/Users/samydoreau/global-assignment']' is 1730
2025-07-05 15:51:17 — INFO — Running dbt command --log-format json run-operation elementary.log_macro_results --args {"macro_name": "elementary_cli.get_snapshots", "macro_args": {}} --project-dir /Users/samydoreau/global-assignment/venv/lib/python3.10/site-packages/elementary/monitor/dbt_project --profiles-dir /Users/samydoreau/global-assignment
2025-07-05 15:51:18 — DEBUG — Result bytes size for command '['--log-format', 'json', 'run-operation', 'elementary.log_macro_results', '--args', '{"macro_name": "elementary_cli.get_snapshots", "macro_args": {}}', '--project-dir', '/Users/samydoreau/global-assignment/venv/lib/python3.10/site-packages/elementary/monitor/dbt_project', '--profiles-dir', '/Users/samydoreau/global-assignment']' is 402
2025-07-05 15:51:18 — INFO — Running dbt command --log-format json run-operation elementary.log_macro_results --args {"macro_name": "elementary_cli.get_models", "macro_args": {"exclude_elementary": true}} --project-dir /Users/samydoreau/global-assignment/venv/lib/python3.10/site-packages/elementary/monitor/dbt_project --profiles-dir /Users/samydoreau/global-assignment
2025-07-05 15:51:18 — DEBUG — Result bytes size for command '['--log-format', 'json', 'run-operation', 'elementary.log_macro_results', '--args', '{"macro_name": "elementary_cli.get_models", "macro_args": {"exclude_elementary": true}}', '--project-dir', '/Users/samydoreau/global-assignment/venv/lib/python3.10/site-packages/elementary/monitor/dbt_project', '--profiles-dir', '/Users/samydoreau/global-assignment']' is 9726
2025-07-05 15:51:18 — INFO — Running dbt command --log-format json run-operation elementary.log_macro_results --args {"macro_name": "elementary_cli.get_sources", "macro_args": {}} --project-dir /Users/samydoreau/global-assignment/venv/lib/python3.10/site-packages/elementary/monitor/dbt_project --profiles-dir /Users/samydoreau/global-assignment
2025-07-05 15:51:19 — DEBUG — Result bytes size for command '['--log-format', 'json', 'run-operation', 'elementary.log_macro_results', '--args', '{"macro_name": "elementary_cli.get_sources", "macro_args": {}}', '--project-dir', '/Users/samydoreau/global-assignment/venv/lib/python3.10/site-packages/elementary/monitor/dbt_project', '--profiles-dir', '/Users/samydoreau/global-assignment']' is 2636
2025-07-05 15:51:19 — INFO — Running dbt command --log-format json run-operation elementary.log_macro_results --args {"macro_name": "elementary_cli.get_exposures", "macro_args": {}} --project-dir /Users/samydoreau/global-assignment/venv/lib/python3.10/site-packages/elementary/monitor/dbt_project --profiles-dir /Users/samydoreau/global-assignment
2025-07-05 15:51:20 — DEBUG — Result bytes size for command '['--log-format', 'json', 'run-operation', 'elementary.log_macro_results', '--args', '{"macro_name": "elementary_cli.get_exposures", "macro_args": {}}', '--project-dir', '/Users/samydoreau/global-assignment/venv/lib/python3.10/site-packages/elementary/monitor/dbt_project', '--profiles-dir', '/Users/samydoreau/global-assignment']' is 402
2025-07-05 15:51:20 — INFO — Running dbt command --log-format json run-operation elementary.log_macro_results --args {"macro_name": "elementary_cli.get_singular_tests", "macro_args": {}} --project-dir /Users/samydoreau/global-assignment/venv/lib/python3.10/site-packages/elementary/monitor/dbt_project --profiles-dir /Users/samydoreau/global-assignment
2025-07-05 15:51:20 — DEBUG — Result bytes size for command '['--log-format', 'json', 'run-operation', 'elementary.log_macro_results', '--args', '{"macro_name": "elementary_cli.get_singular_tests", "macro_args": {}}', '--project-dir', '/Users/samydoreau/global-assignment/venv/lib/python3.10/site-packages/elementary/monitor/dbt_project', '--profiles-dir', '/Users/samydoreau/global-assignment']' is 402
2025-07-05 15:51:20 — INFO — Running dbt command --log-format json run-operation elementary.log_macro_results --args {"macro_name": "elementary_cli.get_models_runs", "macro_args": {"days_back": 7, "exclude_elementary": true}} --project-dir /Users/samydoreau/global-assignment/venv/lib/python3.10/site-packages/elementary/monitor/dbt_project --profiles-dir /Users/samydoreau/global-assignment
2025-07-05 15:51:21 — DEBUG — Result bytes size for command '['--log-format', 'json', 'run-operation', 'elementary.log_macro_results', '--args', '{"macro_name": "elementary_cli.get_models_runs", "macro_args": {"days_back": 7, "exclude_elementary": true}}', '--project-dir', '/Users/samydoreau/global-assignment/venv/lib/python3.10/site-packages/elementary/monitor/dbt_project', '--profiles-dir', '/Users/samydoreau/global-assignment']' is 22960
2025-07-05 15:51:21 — INFO — Running dbt command --log-format json run-operation elementary.log_macro_results --args {"macro_name": "elementary_cli.get_dbt_models_test_coverage", "macro_args": {}} --project-dir /Users/samydoreau/global-assignment/venv/lib/python3.10/site-packages/elementary/monitor/dbt_project --profiles-dir /Users/samydoreau/global-assignment
2025-07-05 15:51:21 — DEBUG — Result bytes size for command '['--log-format', 'json', 'run-operation', 'elementary.log_macro_results', '--args', '{"macro_name": "elementary_cli.get_dbt_models_test_coverage", "macro_args": {}}', '--project-dir', '/Users/samydoreau/global-assignment/venv/lib/python3.10/site-packages/elementary/monitor/dbt_project', '--profiles-dir', '/Users/samydoreau/global-assignment']' is 1906
2025-07-05 15:51:21 — INFO — Running dbt command --log-format json run-operation elementary.log_macro_results --args {"macro_name": "elementary_cli.get_tests", "macro_args": {}} --project-dir /Users/samydoreau/global-assignment/venv/lib/python3.10/site-packages/elementary/monitor/dbt_project --profiles-dir /Users/samydoreau/global-assignment
2025-07-05 15:51:22 — DEBUG — Result bytes size for command '['--log-format', 'json', 'run-operation', 'elementary.log_macro_results', '--args', '{"macro_name": "elementary_cli.get_tests", "macro_args": {}}', '--project-dir', '/Users/samydoreau/global-assignment/venv/lib/python3.10/site-packages/elementary/monitor/dbt_project', '--profiles-dir', '/Users/samydoreau/global-assignment']' is 37414
2025-07-05 15:51:22 — INFO — Running dbt command --log-format json run-operation elementary.log_macro_results --args {"macro_name": "elementary_cli.get_nodes_depends_on_nodes", "macro_args": {"exclude_elementary": true}} --project-dir /Users/samydoreau/global-assignment/venv/lib/python3.10/site-packages/elementary/monitor/dbt_project --profiles-dir /Users/samydoreau/global-assignment
2025-07-05 15:51:23 — DEBUG — Result bytes size for command '['--log-format', 'json', 'run-operation', 'elementary.log_macro_results', '--args', '{"macro_name": "elementary_cli.get_nodes_depends_on_nodes", "macro_args": {"exclude_elementary": true}}', '--project-dir', '/Users/samydoreau/global-assignment/venv/lib/python3.10/site-packages/elementary/monitor/dbt_project', '--profiles-dir', '/Users/samydoreau/global-assignment']' is 5562
2025-07-05 15:51:23 — INFO — Running dbt command --log-format json run-operation elementary.log_macro_results --args {"macro_name": "elementary_cli.get_models_latest_invocation", "macro_args": {}} --project-dir /Users/samydoreau/global-assignment/venv/lib/python3.10/site-packages/elementary/monitor/dbt_project --profiles-dir /Users/samydoreau/global-assignment
2025-07-05 15:51:23 — DEBUG — Result bytes size for command '['--log-format', 'json', 'run-operation', 'elementary.log_macro_results', '--args', '{"macro_name": "elementary_cli.get_models_latest_invocation", "macro_args": {}}', '--project-dir', '/Users/samydoreau/global-assignment/venv/lib/python3.10/site-packages/elementary/monitor/dbt_project', '--profiles-dir', '/Users/samydoreau/global-assignment']' is 9714
2025-07-05 15:51:23 — INFO — Running dbt command --log-format json run-operation elementary.log_macro_results --args {"macro_name": "elementary_cli.get_models_latest_invocations_data", "macro_args": {}} --project-dir /Users/samydoreau/global-assignment/venv/lib/python3.10/site-packages/elementary/monitor/dbt_project --profiles-dir /Users/samydoreau/global-assignment
2025-07-05 15:51:24 — DEBUG — Result bytes size for command '['--log-format', 'json', 'run-operation', 'elementary.log_macro_results', '--args', '{"macro_name": "elementary_cli.get_models_latest_invocations_data", "macro_args": {}}', '--project-dir', '/Users/samydoreau/global-assignment/venv/lib/python3.10/site-packages/elementary/monitor/dbt_project', '--profiles-dir', '/Users/samydoreau/global-assignment']' is 1286
2025-07-05 15:54:58 — INFO — Running with edr=0.19.1
2025-07-05 15:54:58 — INFO — edr internal dbt package is not up-to-date, updating it...
2025-07-05 15:54:58 — INFO — Running dbt command --log-format json deps --project-dir /Users/samydoreau/global-assignment/venv/lib/python3.10/site-packages/elementary/monitor/dbt_project --profiles-dir /Users/samydoreau/global-assignment
2025-07-05 15:54:59 — DEBUG — Running dbt command --log-format json run-operation elementary.log_macro_results --args {"macro_name": "elementary_cli.get_latest_invocation", "macro_args": {}} --project-dir /Users/samydoreau/global-assignment/venv/lib/python3.10/site-packages/elementary/monitor/dbt_project --profiles-dir /Users/samydoreau/global-assignment
2025-07-05 15:55:00 — DEBUG — Result bytes size for command '['--log-format', 'json', 'run-operation', 'elementary.log_macro_results', '--args', '{"macro_name": "elementary_cli.get_latest_invocation", "macro_args": {}}', '--project-dir', '/Users/samydoreau/global-assignment/venv/lib/python3.10/site-packages/elementary/monitor/dbt_project', '--profiles-dir', '/Users/samydoreau/global-assignment']' is 2524
2025-07-05 15:55:00 — DEBUG — Running dbt command --log-format json run-operation elementary.log_macro_results --args {"macro_name": "elementary_cli.get_adapter_type_and_unique_id", "macro_args": {}} --project-dir /Users/samydoreau/global-assignment/venv/lib/python3.10/site-packages/elementary/monitor/dbt_project --profiles-dir /Users/samydoreau/global-assignment
2025-07-05 15:55:01 — DEBUG — Result bytes size for command '['--log-format', 'json', 'run-operation', 'elementary.log_macro_results', '--args', '{"macro_name": "elementary_cli.get_adapter_type_and_unique_id", "macro_args": {}}', '--project-dir', '/Users/samydoreau/global-assignment/venv/lib/python3.10/site-packages/elementary/monitor/dbt_project', '--profiles-dir', '/Users/samydoreau/global-assignment']' is 456
[33;20m2025-07-05 15:55:01 — WARNING — You are using incompatible versions between edr (0.19.1) and Elementary's dbt package (0.18.2).
 To fix please update your packages.yml, and run:
dbt deps && dbt run --select elementary
[0m
2025-07-05 15:55:01 — DEBUG — Running dbt command --log-format json run-operation elementary.log_macro_results --args {"macro_name": "elementary_cli.get_elementary_database_and_schema", "macro_args": {}} --project-dir /Users/samydoreau/global-assignment/venv/lib/python3.10/site-packages/elementary/monitor/dbt_project --profiles-dir /Users/samydoreau/global-assignment
2025-07-05 15:55:01 — DEBUG — Result bytes size for command '['--log-format', 'json', 'run-operation', 'elementary.log_macro_results', '--args', '{"macro_name": "elementary_cli.get_elementary_database_and_schema", "macro_args": {}}', '--project-dir', '/Users/samydoreau/global-assignment/venv/lib/python3.10/site-packages/elementary/monitor/dbt_project', '--profiles-dir', '/Users/samydoreau/global-assignment']' is 476
2025-07-05 15:55:01 — INFO — Elementary's database and schema: '"podcast_analytics.public_elementary"'
2025-07-05 15:55:01 — INFO — Running dbt command --log-format json run-operation elementary.log_macro_results --args {"macro_name": "elementary_cli.get_test_results", "macro_args": {"days_back": 7, "invocations_per_test": 720, "disable_passed_test_metrics": false}} --project-dir /Users/samydoreau/global-assignment/venv/lib/python3.10/site-packages/elementary/monitor/dbt_project --profiles-dir /Users/samydoreau/global-assignment
2025-07-05 15:55:02 — DEBUG — Result bytes size for command '['--log-format', 'json', 'run-operation', 'elementary.log_macro_results', '--args', '{"macro_name": "elementary_cli.get_test_results", "macro_args": {"days_back": 7, "invocations_per_test": 720, "disable_passed_test_metrics": false}}', '--project-dir', '/Users/samydoreau/global-assignment/venv/lib/python3.10/site-packages/elementary/monitor/dbt_project', '--profiles-dir', '/Users/samydoreau/global-assignment']' is 71396
2025-07-05 15:55:02 — INFO — Running dbt command --log-format json run-operation elementary.log_macro_results --args {"macro_name": "elementary_cli.get_source_freshness_results", "macro_args": {"days_back": 7, "invocations_per_test": 720}} --project-dir /Users/samydoreau/global-assignment/venv/lib/python3.10/site-packages/elementary/monitor/dbt_project --profiles-dir /Users/samydoreau/global-assignment
2025-07-05 15:55:03 — DEBUG — Result bytes size for command '['--log-format', 'json', 'run-operation', 'elementary.log_macro_results', '--args', '{"macro_name": "elementary_cli.get_source_freshness_results", "macro_args": {"days_back": 7, "invocations_per_test": 720}}', '--project-dir', '/Users/samydoreau/global-assignment/venv/lib/python3.10/site-packages/elementary/monitor/dbt_project', '--profiles-dir', '/Users/samydoreau/global-assignment']' is 402
2025-07-05 15:55:03 — INFO — Running dbt command --log-format json run-operation elementary.log_macro_results --args {"macro_name": "elementary_cli.get_seeds", "macro_args": {}} --project-dir /Users/samydoreau/global-assignment/venv/lib/python3.10/site-packages/elementary/monitor/dbt_project --profiles-dir /Users/samydoreau/global-assignment
2025-07-05 15:55:04 — DEBUG — Result bytes size for command '['--log-format', 'json', 'run-operation', 'elementary.log_macro_results', '--args', '{"macro_name": "elementary_cli.get_seeds", "macro_args": {}}', '--project-dir', '/Users/samydoreau/global-assignment/venv/lib/python3.10/site-packages/elementary/monitor/dbt_project', '--profiles-dir', '/Users/samydoreau/global-assignment']' is 1730
2025-07-05 15:55:04 — INFO — Running dbt command --log-format json run-operation elementary.log_macro_results --args {"macro_name": "elementary_cli.get_snapshots", "macro_args": {}} --project-dir /Users/samydoreau/global-assignment/venv/lib/python3.10/site-packages/elementary/monitor/dbt_project --profiles-dir /Users/samydoreau/global-assignment
2025-07-05 15:55:04 — DEBUG — Result bytes size for command '['--log-format', 'json', 'run-operation', 'elementary.log_macro_results', '--args', '{"macro_name": "elementary_cli.get_snapshots", "macro_args": {}}', '--project-dir', '/Users/samydoreau/global-assignment/venv/lib/python3.10/site-packages/elementary/monitor/dbt_project', '--profiles-dir', '/Users/samydoreau/global-assignment']' is 402
2025-07-05 15:55:04 — INFO — Running dbt command --log-format json run-operation elementary.log_macro_results --args {"macro_name": "elementary_cli.get_models", "macro_args": {"exclude_elementary": true}} --project-dir /Users/samydoreau/global-assignment/venv/lib/python3.10/site-packages/elementary/monitor/dbt_project --profiles-dir /Users/samydoreau/global-assignment
2025-07-05 15:55:05 — DEBUG — Result bytes size for command '['--log-format', 'json', 'run-operation', 'elementary.log_macro_results', '--args', '{"macro_name": "elementary_cli.get_models", "macro_args": {"exclude_elementary": true}}', '--project-dir', '/Users/samydoreau/global-assignment/venv/lib/python3.10/site-packages/elementary/monitor/dbt_project', '--profiles-dir', '/Users/samydoreau/global-assignment']' is 9726
2025-07-05 15:55:05 — INFO — Running dbt command --log-format json run-operation elementary.log_macro_results --args {"macro_name": "elementary_cli.get_sources", "macro_args": {}} --project-dir /Users/samydoreau/global-assignment/venv/lib/python3.10/site-packages/elementary/monitor/dbt_project --profiles-dir /Users/samydoreau/global-assignment
2025-07-05 15:55:05 — DEBUG — Result bytes size for command '['--log-format', 'json', 'run-operation', 'elementary.log_macro_results', '--args', '{"macro_name": "elementary_cli.get_sources", "macro_args": {}}', '--project-dir', '/Users/samydoreau/global-assignment/venv/lib/python3.10/site-packages/elementary/monitor/dbt_project', '--profiles-dir', '/Users/samydoreau/global-assignment']' is 2636
2025-07-05 15:55:05 — INFO — Running dbt command --log-format json run-operation elementary.log_macro_results --args {"macro_name": "elementary_cli.get_exposures", "macro_args": {}} --project-dir /Users/samydoreau/global-assignment/venv/lib/python3.10/site-packages/elementary/monitor/dbt_project --profiles-dir /Users/samydoreau/global-assignment
2025-07-05 15:55:06 — DEBUG — Result bytes size for command '['--log-format', 'json', 'run-operation', 'elementary.log_macro_results', '--args', '{"macro_name": "elementary_cli.get_exposures", "macro_args": {}}', '--project-dir', '/Users/samydoreau/global-assignment/venv/lib/python3.10/site-packages/elementary/monitor/dbt_project', '--profiles-dir', '/Users/samydoreau/global-assignment']' is 402
2025-07-05 15:55:06 — INFO — Running dbt command --log-format json run-operation elementary.log_macro_results --args {"macro_name": "elementary_cli.get_singular_tests", "macro_args": {}} --project-dir /Users/samydoreau/global-assignment/venv/lib/python3.10/site-packages/elementary/monitor/dbt_project --profiles-dir /Users/samydoreau/global-assignment
2025-07-05 15:55:07 — DEBUG — Result bytes size for command '['--log-format', 'json', 'run-operation', 'elementary.log_macro_results', '--args', '{"macro_name": "elementary_cli.get_singular_tests", "macro_args": {}}', '--project-dir', '/Users/samydoreau/global-assignment/venv/lib/python3.10/site-packages/elementary/monitor/dbt_project', '--profiles-dir', '/Users/samydoreau/global-assignment']' is 402
2025-07-05 15:55:07 — INFO — Running dbt command --log-format json run-operation elementary.log_macro_results --args {"macro_name": "elementary_cli.get_models_runs", "macro_args": {"days_back": 7, "exclude_elementary": true}} --project-dir /Users/samydoreau/global-assignment/venv/lib/python3.10/site-packages/elementary/monitor/dbt_project --profiles-dir /Users/samydoreau/global-assignment
2025-07-05 15:55:07 — DEBUG — Result bytes size for command '['--log-format', 'json', 'run-operation', 'elementary.log_macro_results', '--args', '{"macro_name": "elementary_cli.get_models_runs", "macro_args": {"days_back": 7, "exclude_elementary": true}}', '--project-dir', '/Users/samydoreau/global-assignment/venv/lib/python3.10/site-packages/elementary/monitor/dbt_project', '--profiles-dir', '/Users/samydoreau/global-assignment']' is 22960
2025-07-05 15:55:07 — INFO — Running dbt command --log-format json run-operation elementary.log_macro_results --args {"macro_name": "elementary_cli.get_dbt_models_test_coverage", "macro_args": {}} --project-dir /Users/samydoreau/global-assignment/venv/lib/python3.10/site-packages/elementary/monitor/dbt_project --profiles-dir /Users/samydoreau/global-assignment
2025-07-05 15:55:08 — DEBUG — Result bytes size for command '['--log-format', 'json', 'run-operation', 'elementary.log_macro_results', '--args', '{"macro_name": "elementary_cli.get_dbt_models_test_coverage", "macro_args": {}}', '--project-dir', '/Users/samydoreau/global-assignment/venv/lib/python3.10/site-packages/elementary/monitor/dbt_project', '--profiles-dir', '/Users/samydoreau/global-assignment']' is 1906
2025-07-05 15:55:08 — INFO — Running dbt command --log-format json run-operation elementary.log_macro_results --args {"macro_name": "elementary_cli.get_tests", "macro_args": {}} --project-dir /Users/samydoreau/global-assignment/venv/lib/python3.10/site-packages/elementary/monitor/dbt_project --profiles-dir /Users/samydoreau/global-assignment
2025-07-05 15:55:09 — DEBUG — Result bytes size for command '['--log-format', 'json', 'run-operation', 'elementary.log_macro_results', '--args', '{"macro_name": "elementary_cli.get_tests", "macro_args": {}}', '--project-dir', '/Users/samydoreau/global-assignment/venv/lib/python3.10/site-packages/elementary/monitor/dbt_project', '--profiles-dir', '/Users/samydoreau/global-assignment']' is 37414
2025-07-05 15:55:09 — INFO — Running dbt command --log-format json run-operation elementary.log_macro_results --args {"macro_name": "elementary_cli.get_nodes_depends_on_nodes", "macro_args": {"exclude_elementary": true}} --project-dir /Users/samydoreau/global-assignment/venv/lib/python3.10/site-packages/elementary/monitor/dbt_project --profiles-dir /Users/samydoreau/global-assignment
2025-07-05 15:55:09 — DEBUG — Result bytes size for command '['--log-format', 'json', 'run-operation', 'elementary.log_macro_results', '--args', '{"macro_name": "elementary_cli.get_nodes_depends_on_nodes", "macro_args": {"exclude_elementary": true}}', '--project-dir', '/Users/samydoreau/global-assignment/venv/lib/python3.10/site-packages/elementary/monitor/dbt_project', '--profiles-dir', '/Users/samydoreau/global-assignment']' is 5562
2025-07-05 15:55:09 — INFO — Running dbt command --log-format json run-operation elementary.log_macro_results --args {"macro_name": "elementary_cli.get_models_latest_invocation", "macro_args": {}} --project-dir /Users/samydoreau/global-assignment/venv/lib/python3.10/site-packages/elementary/monitor/dbt_project --profiles-dir /Users/samydoreau/global-assignment
2025-07-05 15:55:10 — DEBUG — Result bytes size for command '['--log-format', 'json', 'run-operation', 'elementary.log_macro_results', '--args', '{"macro_name": "elementary_cli.get_models_latest_invocation", "macro_args": {}}', '--project-dir', '/Users/samydoreau/global-assignment/venv/lib/python3.10/site-packages/elementary/monitor/dbt_project', '--profiles-dir', '/Users/samydoreau/global-assignment']' is 9714
2025-07-05 15:55:10 — INFO — Running dbt command --log-format json run-operation elementary.log_macro_results --args {"macro_name": "elementary_cli.get_models_latest_invocations_data", "macro_args": {}} --project-dir /Users/samydoreau/global-assignment/venv/lib/python3.10/site-packages/elementary/monitor/dbt_project --profiles-dir /Users/samydoreau/global-assignment
2025-07-05 15:55:11 — DEBUG — Result bytes size for command '['--log-format', 'json', 'run-operation', 'elementary.log_macro_results', '--args', '{"macro_name": "elementary_cli.get_models_latest_invocations_data", "macro_args": {}}', '--project-dir', '/Users/samydoreau/global-assignment/venv/lib/python3.10/site-packages/elementary/monitor/dbt_project', '--profiles-dir', '/Users/samydoreau/global-assignment']' is 1286
